<?xml version="1.0" encoding="UTF-8"?>
<!-- Generated by org.testng.reporters.JUnitReportReporter -->
<testsuite skipped="0" hostname="013AMBBLR-Pradeep-Lingan.local" name="steps.Runner" tests="1" failures="0" timestamp="2021-05-04T21:46:02 IST" time="25.292" errors="0">
  <testcase name="feature" time="25.292" classname="steps.Runner"/>
  <system-out/>
</testsuite> <!-- steps.Runner -->
